<?xml version="1.0" encoding="UTF-8"?>
<testsuite name="IsogramCheckerTest" tests="9" skipped="0" failures="0" errors="0" timestamp="2018-04-15T21:05:15" hostname="zipcoders-MacBook-Pro-10.local" time="0.013">
  <properties/>
  <testcase name="testIsogramWithDuplicatedHyphen" classname="IsogramCheckerTest" time="0.003"/>
  <testcase name="testCaseInsensitive" classname="IsogramCheckerTest" time="0.0"/>
  <testcase name="testLowercaseIsogram" classname="IsogramCheckerTest" time="0.002"/>
  <testcase name="testNotIsogram" classname="IsogramCheckerTest" time="0.0"/>
  <testcase name="testMadeUpNameThatIsAnIsogram" classname="IsogramCheckerTest" time="0.001"/>
  <testcase name="testEmptyString" classname="IsogramCheckerTest" time="0.001"/>
  <testcase name="testIsogramWithHyphen" classname="IsogramCheckerTest" time="0.0"/>
  <testcase name="testMediumLongIsogram" classname="IsogramCheckerTest" time="0.001"/>
  <testcase name="testDuplicatedCharacterInTheMiddleIsNotIsogram" classname="IsogramCheckerTest" time="0.0"/>
  <system-out><![CDATA[]]></system-out>
  <system-err><![CDATA[]]></system-err>
</testsuite>
